<?xml version="1.0" encoding="UTF-8"?>
<!-- Generated by org.testng.reporters.JUnitXMLReporter -->
<testsuite ignored="0" hostname="Aravindh-PC" failures="1" tests="14" name="Command line test" time="497.253" errors="0" timestamp="27 Apr 2019 07:09:51 GMT">
  <testcase classname="com.crm.qa.testcases.ContactspageTest" name="contactslabeltest" time="0.289"/>
  <testcase classname="com.crm.qa.testcases.HomepageTest" name="homepagetitletest" time="0.082"/>
  <testcase classname="com.crm.qa.testcases.LoginpageTest" name="crmtitletest" time="0.049">
    <failure type="java.lang.AssertionError" message="expected [CRMPRO  - CRM software for customer relationship management, sales, and support.] but found [CRMPRO - CRM software for customer relationship management, sales, and support.]">
      <![CDATA[java.lang.AssertionError: expected [CRMPRO  - CRM software for customer relationship management, sales, and support.] but found [CRMPRO - CRM software for customer relationship management, sales, and support.]
	at com.crm.qa.testcases.LoginpageTest.crmtitletest(LoginpageTest.java:33)
... Removed 41 stack frames]]>
    </failure>
  </testcase> <!-- crmtitletest -->
  <testcase classname="com.crm.qa.testcases.ContactspageTest" name="selectonecontact" time="0.479"/>
  <testcase classname="com.crm.qa.testcases.HomepageTest" name="userlabeltest" time="0.216"/>
  <testcase classname="com.crm.qa.testcases.LoginpageTest" name="crmlogotest" time="0.219"/>
  <testcase classname="com.crm.qa.testcases.ContactspageTest" name="selectcontact" time="12.685"/>
  <testcase classname="com.crm.qa.testcases.ContactspageTest" name="selectmultiplecontact" time="0.504"/>
  <testcase classname="com.crm.qa.testcases.HomepageTest" name="newcontacttest" time="5.683"/>
  <testcase classname="com.crm.qa.testcases.LoginpageTest" name="crmsignUptest" time="0.078"/>
  <testcase classname="com.crm.qa.testcases.ContactspageTest" name="createnewcontactmain" time="12.487"/>
  <testcase classname="com.crm.qa.testcases.ContactspageTest" name="createnewcontactmain" time="12.728"/>
  <testcase classname="com.crm.qa.testcases.ContactspageTest" name="createnewcontactmain" time="11.87"/>
  <testcase classname="com.crm.qa.testcases.LoginpageTest" name="logintest" time="21.045"/>
</testsuite> <!-- Command line test -->
