<?xml version="1.0" encoding="UTF-8" ?>
<testsuite tests="14" failures="1" name="TestSuite" time="78.412" errors="0" skipped="0">
  <properties>
    <property name="JOB_NAME" value="FreeCRMTestJob"/>
    <property name="java.vendor" value="Oracle Corporation"/>
    <property name="sun.java.launcher" value="SUN_STANDARD"/>
    <property name="ANSYSLIC_DIR" value="C:\Program Files\ANSYS Inc\Shared Files\Licensing"/>
    <property name="NUMBER_OF_PROCESSORS" value="4"/>
    <property name="sun.management.compiler" value="HotSpot 64-Bit Tiered Compilers"/>
    <property name="JENKINS_HOME" value="C:\Users\Aravindh\.jenkins"/>
    <property name="HUDSON_SERVER_COOKIE" value="86fc0edc5f577828"/>
    <property name="POM_ARTIFACTID" value="FreeCRMTest"/>
    <property name="os.name" value="Windows 7"/>
    <property name="EXECUTOR_NUMBER" value="0"/>
    <property name="sun.desktop" value="windows"/>
    <property name="PATHEXT" value=".COM;.EXE;.BAT;.CMD;.VBS;.VBE;.JS;.JSE;.WSF;.WSH;.MSC"/>
    <property name="POM_DISPLAYNAME" value="FreeCRMTest"/>
    <property name="java.vm.specification.vendor" value="Oracle Corporation"/>
    <property name="TEMP" value="C:\Users\Aravindh\AppData\Local\Temp"/>
    <property name="NODE_LABELS" value="master"/>
    <property name="AWP_ROOT150" value="C:\Program Files\ANSYS Inc\v150"/>
    <property name="java.runtime.version" value="11.0.2+9-LTS"/>
    <property name="user.name" value="Aravindh"/>
    <property name="guice.disable.misplaced.annotation.check" value="true"/>
    <property name="CommonProgramW6432" value="C:\Program Files\Common Files"/>
    <property name="ProgramFiles" value="C:\Program Files"/>
    <property name="PROMPT" value="$P$G"/>
    <property name="user.language" value="en"/>
    <property name="JOB_BASE_NAME" value="FreeCRMTestJob"/>
    <property name="RUN_CHANGES_DISPLAY_URL" value="http://localhost:8080/job/FreeCRMTestJob/9/display/redirect?page=changes"/>
    <property name="BUILD_DISPLAY_NAME" value="#9"/>
    <property name="sun.boot.library.path" value="C:\Program Files\Java\jdk-11.0.2\bin"/>
    <property name="ANSYS150_DIR" value="C:\Program Files\ANSYS Inc\v150\ANSYS"/>
    <property name="java.vm.compressedOopsMode" value="32-bit"/>
    <property name="LOCALAPPDATA" value="C:\Users\Aravindh\AppData\Local"/>
    <property name="java.version" value="11.0.2"/>
    <property name="user.timezone" value="Asia/Calcutta"/>
    <property name="PROCESSOR_LEVEL" value="21"/>
    <property name="USERNAME" value="Aravindh"/>
    <property name="AWP_LOCALE150" value="en-us"/>
    <property name="sun.arch.data.model" value="64"/>
    <property name="NODE_NAME" value="master"/>
    <property name="BUILD_ID" value="9"/>
    <property name="sun.cpu.isalist" value="amd64"/>
    <property name="sun.jnu.encoding" value="Cp1252"/>
    <property name="maven.conf" value="C:\Users\Aravindh\.jenkins\tools\hudson.tasks.Maven_MavenInstallation\FreeCRMMaven\conf"/>
    <property name="HOMEDRIVE" value="C:"/>
    <property name="file.separator" value="\"/>
    <property name="java.specification.name" value="Java Platform API Specification"/>
    <property name="java.class.version" value="55.0"/>
    <property name="=::" value="::\"/>
    <property name="org.slf4j.simpleLogger.defaultLogLevel" value="info"/>
    <property name="user.country" value="US"/>
    <property name="ALLUSERSPROFILE" value="C:\ProgramData"/>
    <property name="java.home" value="C:\Program Files\Java\jdk-11.0.2"/>
    <property name="java.vm.info" value="mixed mode"/>
    <property name="os.version" value="6.1"/>
    <property name="RUN_DISPLAY_URL" value="http://localhost:8080/job/FreeCRMTestJob/9/display/redirect"/>
    <property name="POM_VERSION" value="0.0.1-SNAPSHOT"/>
    <property name="TMP" value="C:\Users\Aravindh\AppData\Local\Temp"/>
    <property name="path.separator" value=";"/>
    <property name="java.vm.version" value="11.0.2+9-LTS"/>
    <property name="user.variant" value=""/>
    <property name="CommonProgramFiles(x86)" value="C:\Program Files (x86)\Common Files"/>
    <property name="JOB_DISPLAY_URL" value="http://localhost:8080/job/FreeCRMTestJob/display/redirect"/>
    <property name="FP_NO_HOST_CHECK" value="NO"/>
    <property name="java.awt.printerjob" value="sun.awt.windows.WPrinterJob"/>
    <property name="CommonProgramFiles" value="C:\Program Files\Common Files"/>
    <property name="sun.io.unicode.encoding" value="UnicodeLittle"/>
    <property name="JAVA_HOME" value="C:\Program Files\Java\jdk-11.0.2"/>
    <property name="ComSpec" value="C:\Windows\system32\cmd.exe"/>
    <property name="HOMEPATH" value="\Users\Aravindh"/>
    <property name="awt.toolkit" value="sun.awt.windows.WToolkit"/>
    <property name="POM_PACKAGING" value="jar"/>
    <property name="COMPUTERNAME" value="ARAVINDH-PC"/>
    <property name="user.script" value=""/>
    <property name="POM_GROUPID" value="FreeCRMTest"/>
    <property name="user.home" value="C:\Users\Aravindh"/>
    <property name="PUBLIC" value="C:\Users\Public"/>
    <property name="BUILD_TAG" value="jenkins-FreeCRMTestJob-9"/>
    <property name="P_SCHEMA" value="C:\Program Files\ANSYS Inc\v150\AISOL\CADIntegration\Parasolid\PSchema"/>
    <property name="JENKINS_SERVER_COOKIE" value="86fc0edc5f577828"/>
    <property name="=E:" value="E:\Jenkins"/>
    <property name="HUDSON_URL" value="http://localhost:8080/"/>
    <property name="ProgramData" value="C:\ProgramData"/>
    <property name="java.version.date" value="2019-01-15"/>
    <property name="java.specification.vendor" value="Oracle Corporation"/>
    <property name="CADOE_DOCDIR150" value="C:\Program Files\ANSYS Inc\v150\CommonFiles\help\en-us\solviewer"/>
    <property name="USERPROFILE" value="C:\Users\Aravindh"/>
    <property name="CLASSPATH" value=""/>
    <property name="java.library.path" value="C:\Program Files\Java\jdk-11.0.2\bin;C:\Windows\Sun\Java\bin;C:\Windows\system32;C:\Windows;C:\Users\Aravindh\.jenkins\tools\hudson.tasks.Maven_MavenInstallation\FreeCRMMaven/bin;C:\Program Files\Java\jdk-11.0.2\bin;C:\Program Files\Java\jre1.8.0_201\bin;."/>
    <property name="java.vendor.url" value="http://java.oracle.com/"/>
    <property name="ICEMCFD_ROOT150" value="C:\Program Files\ANSYS Inc\v150\icemcfd"/>
    <property name="java.vm.vendor" value="Oracle Corporation"/>
    <property name="APPDATA" value="C:\Users\Aravindh\AppData\Roaming"/>
    <property name="java.runtime.name" value="Java(TM) SE Runtime Environment"/>
    <property name="maven.home" value="C:\Users\Aravindh\.jenkins\tools\hudson.tasks.Maven_MavenInstallation\FreeCRMMaven"/>
    <property name="java.class.path" value="C:\Users\Aravindh\.jenkins\plugins\maven-plugin\WEB-INF\lib\maven35-agent-1.12.jar;C:\Users\Aravindh\.jenkins\tools\hudson.tasks.Maven_MavenInstallation\FreeCRMMaven\boot\plexus-classworlds-2.6.0.jar;C:\Users\Aravindh\.jenkins\tools\hudson.tasks.Maven_MavenInstallation\FreeCRMMaven/conf/logging"/>
    <property name="sun.java.command" value="jenkins.maven3.agent.Maven35Main C:\Users\Aravindh\.jenkins\tools\hudson.tasks.Maven_MavenInstallation\FreeCRMMaven C:\Users\Aravindh\.jenkins\war\WEB-INF\lib\remoting-3.29.jar C:\Users\Aravindh\.jenkins\plugins\maven-plugin\WEB-INF\lib\maven35-interceptor-1.12.jar C:\Users\Aravindh\.jenkins\plugins\maven-plugin\WEB-INF\lib\maven3-interceptor-commons-1.12.jar 51018"/>
    <property name="Path" value="C:\Program Files\Java\jdk-11.0.2\bin;C:\Program Files\Java\jre1.8.0_201\bin"/>
    <property name="jdk.debug" value="release"/>
    <property name="PROCESSOR_ARCHITECTURE" value="AMD64"/>
    <property name="java.vm.specification.name" value="Java Virtual Machine Specification"/>
    <property name="SESSIONNAME" value="Console"/>
    <property name="PROCESSOR_IDENTIFIER" value="AMD64 Family 21 Model 19 Stepping 1, AuthenticAMD"/>
    <property name="ICEMCFD_SYSDIR" value="win64_amd"/>
    <property name="java.vm.specification.version" value="11"/>
    <property name="ANSYS_SYSDIR" value="winx64"/>
    <property name="CADOE_LIBDIR150" value="C:\Program Files\ANSYS Inc\v150\CommonFiles\Language\en-us"/>
    <property name="M2_HOME" value="C:\Users\Aravindh\.jenkins\tools\hudson.tasks.Maven_MavenInstallation\FreeCRMMaven"/>
    <property name="sun.cpu.endian" value="little"/>
    <property name="sun.os.patch.level" value="Service Pack 1"/>
    <property name="OS" value="Windows_NT"/>
    <property name="java.io.tmpdir" value="C:\Users\Aravindh\AppData\Local\Temp\"/>
    <property name="HUDSON_HOME" value="C:\Users\Aravindh\.jenkins"/>
    <property name="PATH+MAVEN" value="C:\Users\Aravindh\.jenkins\tools\hudson.tasks.Maven_MavenInstallation\FreeCRMMaven/bin"/>
    <property name="ProgramFiles(x86)" value="C:\Program Files (x86)"/>
    <property name="java.vendor.url.bug" value="http://bugreport.java.com/bugreport/"/>
    <property name="BUILD_URL" value="http://localhost:8080/job/FreeCRMTestJob/9/"/>
    <property name="SystemRoot" value="C:\Windows"/>
    <property name="os.arch" value="amd64"/>
    <property name="windows_tracing_flags" value="3"/>
    <property name="java.awt.graphicsenv" value="sun.awt.Win32GraphicsEnvironment"/>
    <property name="user.dir" value="E:\Selenium\Workspace\FreeCRMTest"/>
    <property name="JOB_URL" value="http://localhost:8080/job/FreeCRMTestJob/"/>
    <property name="LOGONSERVER" value="\\ARAVINDH-PC"/>
    <property name="USERDOMAIN" value="Aravindh-PC"/>
    <property name="MAVEN_HOME" value="C:\Users\Aravindh\.jenkins\tools\hudson.tasks.Maven_MavenInstallation\FreeCRMMaven"/>
    <property name="line.separator" value="
"/>
    <property name="java.vm.name" value="Java HotSpot(TM) 64-Bit Server VM"/>
    <property name="BUILD_NUMBER" value="9"/>
    <property name="LSTC_LICENSE" value="ANSYS"/>
    <property name="PROCESSOR_REVISION" value="1301"/>
    <property name="JENKINS_URL" value="http://localhost:8080/"/>
    <property name="ProgramW6432" value="C:\Program Files"/>
    <property name="windir" value="C:\Windows"/>
    <property name="=C:" value="C:\"/>
    <property name="file.encoding" value="Cp1252"/>
    <property name="SystemDrive" value="C:"/>
    <property name="maven3.interceptor" value="C:\Users\Aravindh\.jenkins\plugins\maven-plugin\WEB-INF\lib\maven35-interceptor-1.12.jar"/>
    <property name="ANSYS_SYSDIR32" value="win32"/>
    <property name="WORKSPACE" value="C:\Users\Aravindh\.jenkins\workspace\FreeCRMTestJob"/>
    <property name="maven3.interceptor.common" value="C:\Users\Aravindh\.jenkins\plugins\maven-plugin\WEB-INF\lib\maven3-interceptor-commons-1.12.jar"/>
    <property name="PSModulePath" value="C:\Windows\system32\WindowsPowerShell\v1.0\Modules\"/>
    <property name="java.specification.version" value="11"/>
    <property name="java.vendor.version" value="18.9"/>
  </properties>
  <testcase classname="com.crm.qa.testcases.ContactspageTest" name="contactslabeltest" time="0.295"/>
  <testcase classname="com.crm.qa.testcases.HomepageTest" name="homepagetitletest" time="0.081"/>
  <testcase classname="com.crm.qa.testcases.LoginpageTest" name="crmtitletest" time="0.054">
    <failure message="expected [CRMPRO  - CRM software for customer relationship management, sales, and support.] but found [CRMPRO - CRM software for customer relationship management, sales, and support.]" type="java.lang.AssertionError">java.lang.AssertionError: expected [CRMPRO  - CRM software for customer relationship management, sales, and support.] but found [CRMPRO - CRM software for customer relationship management, sales, and support.]
	at org.testng.Assert.fail(Assert.java:93)
	at org.testng.Assert.failNotEquals(Assert.java:512)
	at org.testng.Assert.assertEqualsImpl(Assert.java:134)
	at org.testng.Assert.assertEquals(Assert.java:115)
	at org.testng.Assert.assertEquals(Assert.java:189)
	at org.testng.Assert.assertEquals(Assert.java:199)
	at com.crm.qa.testcases.LoginpageTest.crmtitletest(LoginpageTest.java:33)
</failure>
    <system-out>Before navigating to: &apos;https://classic.crmpro.com&apos;
Navigated to:&apos;https://classic.crmpro.com&apos;
</system-out>
    <system-err>Starting ChromeDriver 73.0.3683.68 (47787ec04b6e38e22703e856e101e840b65afe72) on port 24450
Only local connections are allowed.
Please protect ports used by ChromeDriver and related test frameworks to prevent access by malicious code.
Apr 27, 2019 12:32:54 PM org.openqa.selenium.remote.ProtocolHandshake createSession
INFO: Detected dialect: OSS
</system-err>
  </testcase>
  <testcase classname="com.crm.qa.testcases.ContactspageTest" name="selectonecontact" time="0.475"/>
  <testcase classname="com.crm.qa.testcases.HomepageTest" name="userlabeltest" time="0.216"/>
  <testcase classname="com.crm.qa.testcases.LoginpageTest" name="crmlogotest" time="0.214"/>
  <testcase classname="com.crm.qa.testcases.ContactspageTest" name="selectcontact" time="12.685"/>
  <testcase classname="com.crm.qa.testcases.ContactspageTest" name="selectmultiplecontact" time="0.503"/>
  <testcase classname="com.crm.qa.testcases.HomepageTest" name="newcontacttest" time="5.682"/>
  <testcase classname="com.crm.qa.testcases.LoginpageTest" name="crmsignUptest" time="0.076"/>
  <testcase classname="com.crm.qa.testcases.ContactspageTest" name="createnewcontactmain" time="12.487"/>
  <testcase classname="com.crm.qa.testcases.ContactspageTest" name="createnewcontactmain" time="12.728"/>
  <testcase classname="com.crm.qa.testcases.ContactspageTest" name="createnewcontactmain" time="11.87"/>
  <testcase classname="com.crm.qa.testcases.LoginpageTest" name="logintest" time="21.046"/>
</testsuite>